epoch:0, train_avg_loss: 1.1730
val_avg_loss: 1.0965, acc: 0.5882 (2111 / 3589)
Saving..
Best_Val_Acc: 0.5882
Time cost: 735.0113
epoch:1, train_avg_loss: 0.9634
val_avg_loss: 1.0939, acc: 0.6060 (2175 / 3589)
Saving..
Best_Val_Acc: 0.6060
Time cost: 719.6195
epoch:2, train_avg_loss: 0.8856
val_avg_loss: 0.9895, acc: 0.6347 (2278 / 3589)
Saving..
Best_Val_Acc: 0.6347
Time cost: 742.7567
epoch:3, train_avg_loss: 0.8257
val_avg_loss: 0.9741, acc: 0.6411 (2301 / 3589)
Saving..
Best_Val_Acc: 0.6411
Time cost: 702.3103
epoch:4, train_avg_loss: 0.7772
val_avg_loss: 0.9510, acc: 0.6428 (2307 / 3589)
Saving..
Best_Val_Acc: 0.6428
Time cost: 732.0918
epoch:5, train_avg_loss: 0.7357
val_avg_loss: 0.9332, acc: 0.6548 (2350 / 3589)
Saving..
Best_Val_Acc: 0.6548
Time cost: 718.4288
epoch:6, train_avg_loss: 0.6914
val_avg_loss: 0.9341, acc: 0.6654 (2388 / 3589)
Saving..
Best_Val_Acc: 0.6654
Time cost: 719.3937
epoch:7, train_avg_loss: 0.6491
val_avg_loss: 1.0055, acc: 0.6668 (2393 / 3589)
Saving..
Best_Val_Acc: 0.6668
Time cost: 733.2937
epoch:8, train_avg_loss: 0.5978
val_avg_loss: 0.9503, acc: 0.6676 (2396 / 3589)
Saving..
Best_Val_Acc: 0.6676
Time cost: 752.0820
epoch:9, train_avg_loss: 0.5615
val_avg_loss: 1.0744, acc: 0.6662 (2391 / 3589)
Not imporved, tolerance remaining: 5
Time cost: 732.7916
epoch:10, train_avg_loss: 0.5220
val_avg_loss: 1.0665, acc: 0.6528 (2343 / 3589)
Not imporved, tolerance remaining: 4
Time cost: 777.4667
epoch:11, train_avg_loss: 0.4855
val_avg_loss: 1.0763, acc: 0.6634 (2381 / 3589)
Not imporved, tolerance remaining: 3
Time cost: 702.1648
epoch:12, train_avg_loss: 0.4524
val_avg_loss: 1.1089, acc: 0.6684 (2399 / 3589)
Saving..
Best_Val_Acc: 0.6684
Time cost: 719.1633
epoch:13, train_avg_loss: 0.4061
val_avg_loss: 1.1491, acc: 0.6673 (2395 / 3589)
Not imporved, tolerance remaining: 5
Time cost: 700.3135
epoch:14, train_avg_loss: 0.3814
val_avg_loss: 1.1915, acc: 0.6612 (2373 / 3589)
Not imporved, tolerance remaining: 4
Time cost: 705.1984
epoch:15, train_avg_loss: 0.3401
val_avg_loss: 1.2391, acc: 0.6665 (2392 / 3589)
Not imporved, tolerance remaining: 3
Time cost: 695.7129
epoch:16, train_avg_loss: 0.3180
val_avg_loss: 1.2612, acc: 0.6509 (2336 / 3589)
Not imporved, tolerance remaining: 2
Time cost: 724.3255
epoch:17, train_avg_loss: 0.3042
val_avg_loss: 1.2369, acc: 0.6676 (2396 / 3589)
Not imporved, tolerance remaining: 1
Time cost: 702.0591
epoch:18, train_avg_loss: 0.2760
val_avg_loss: 1.4138, acc: 0.6740 (2419 / 3589)
Saving..
Best_Val_Acc: 0.6740
Time cost: 734.9026
epoch:19, train_avg_loss: 0.2559
val_avg_loss: 1.3157, acc: 0.6751 (2423 / 3589)
Saving..
Best_Val_Acc: 0.6751
Time cost: 699.6920
epoch:20, train_avg_loss: 0.2352
val_avg_loss: 1.4165, acc: 0.6668 (2393 / 3589)
Not imporved, tolerance remaining: 5
Time cost: 727.9785
epoch:21, train_avg_loss: 0.2227
val_avg_loss: 1.5210, acc: 0.6651 (2387 / 3589)
Not imporved, tolerance remaining: 4
Time cost: 696.9973
epoch:22, train_avg_loss: 0.2212
val_avg_loss: 1.4545, acc: 0.6740 (2419 / 3589)
Not imporved, tolerance remaining: 3
Time cost: 720.8211
epoch:23, train_avg_loss: 0.1971
val_avg_loss: 1.5450, acc: 0.6645 (2385 / 3589)
Not imporved, tolerance remaining: 2
Time cost: 705.5872
epoch:24, train_avg_loss: 0.1742
val_avg_loss: 1.5576, acc: 0.6698 (2404 / 3589)
Not imporved, tolerance remaining: 1
Time cost: 714.7496
epoch:25, train_avg_loss: 0.1813
val_avg_loss: 1.5325, acc: 0.6687 (2400 / 3589)
Test_avg_loss: 1.3406, acc: 0.6698 (2404 / 3589)
